<?xml version="1.0" encoding="UTF-8"?>
<!-- Generated by org.testng.reporters.JUnitXMLReporter -->
<testsuite ignored="0" hostname="BOOK-625UBEQ2K7" failures="2" tests="5" name="Test" time="25.797" errors="0" timestamp="2025-05-28T10:50:50 EDT">
  <testcase classname="testCases.TC003_LoginDDT" name="verify_loginDDT" time="11.858">
    <failure type="java.lang.AssertionError" message="My Account page did not load after login. expected [true] but found [false]">
      <![CDATA[java.lang.AssertionError: My Account page did not load after login. expected [true] but found [false]
at testCases.TC003_LoginDDT.verify_loginDDT(TC003_LoginDDT.java:53)
at java.base/java.util.ArrayList.forEach(ArrayList.java:1597)
... Removed 28 stack frames]]>
    </failure>
  </testcase> <!-- verify_loginDDT -->
  <testcase classname="testCases.TC003_LoginDDT" name="verify_loginDDT" time="2.762">
    <failure type="java.lang.AssertionError" message="expected [true] but found [false]">
      <![CDATA[java.lang.AssertionError: expected [true] but found [false]
at testCases.TC003_LoginDDT.verify_loginDDT(TC003_LoginDDT.java:62)
at java.base/java.util.ArrayList.forEach(ArrayList.java:1597)
... Removed 29 stack frames]]>
    </failure>
  </testcase> <!-- verify_loginDDT -->
  <testcase classname="testCases.TC003_LoginDDT" name="verify_loginDDT" time="4.523"/>
  <testcase classname="testCases.TC003_LoginDDT" name="verify_loginDDT" time="0.08"/>
  <testcase classname="testCases.TC003_LoginDDT" name="verify_loginDDT" time="0.007"/>
</testsuite> <!-- Test -->
